Determining if files alsa/asoundlib.h exist failed with the following output:
Change Dir: /Users/steveb/Development/workspace/aisdecoder-1.0.0/build/CMakeFiles/CMakeTmp

Run Build Command:"/usr/bin/make" "cmTryCompileExec4232063080/fast"
/Applications/Xcode.app/Contents/Developer/usr/bin/make -f CMakeFiles/cmTryCompileExec4232063080.dir/build.make CMakeFiles/cmTryCompileExec4232063080.dir/build
/opt/local/bin/cmake -E cmake_progress_report /Users/steveb/Development/workspace/aisdecoder-1.0.0/build/CMakeFiles/CMakeTmp/CMakeFiles 1
Building C object CMakeFiles/cmTryCompileExec4232063080.dir/CheckIncludeFiles.c.o
/usr/bin/cc    -o CMakeFiles/cmTryCompileExec4232063080.dir/CheckIncludeFiles.c.o   -c /Users/steveb/Development/workspace/aisdecoder-1.0.0/build/CMakeFiles/CMakeTmp/CheckIncludeFiles.c
/Users/steveb/Development/workspace/aisdecoder-1.0.0/build/CMakeFiles/CMakeTmp/CheckIncludeFiles.c:2:10: fatal error: 'alsa/asoundlib.h' file not found
#include <alsa/asoundlib.h>
         ^
1 error generated.
make[1]: *** [CMakeFiles/cmTryCompileExec4232063080.dir/CheckIncludeFiles.c.o] Error 1
make: *** [cmTryCompileExec4232063080/fast] Error 2

Source:
/* */
#include <alsa/asoundlib.h>


int main(){return 0;}

Determining if files pulse/pulseaudio.h exist failed with the following output:
Change Dir: /Users/steveb/Development/workspace/aisdecoder-1.0.0/build/CMakeFiles/CMakeTmp

Run Build Command:"/usr/bin/make" "cmTryCompileExec3150910076/fast"
/Applications/Xcode.app/Contents/Developer/usr/bin/make -f CMakeFiles/cmTryCompileExec3150910076.dir/build.make CMakeFiles/cmTryCompileExec3150910076.dir/build
/opt/local/bin/cmake -E cmake_progress_report /Users/steveb/Development/workspace/aisdecoder-1.0.0/build/CMakeFiles/CMakeTmp/CMakeFiles 1
Building C object CMakeFiles/cmTryCompileExec3150910076.dir/CheckIncludeFiles.c.o
/usr/bin/cc    -o CMakeFiles/cmTryCompileExec3150910076.dir/CheckIncludeFiles.c.o   -c /Users/steveb/Development/workspace/aisdecoder-1.0.0/build/CMakeFiles/CMakeTmp/CheckIncludeFiles.c
/Users/steveb/Development/workspace/aisdecoder-1.0.0/build/CMakeFiles/CMakeTmp/CheckIncludeFiles.c:2:10: fatal error: 'pulse/pulseaudio.h' file not found
#include <pulse/pulseaudio.h>
         ^
1 error generated.
make[1]: *** [CMakeFiles/cmTryCompileExec3150910076.dir/CheckIncludeFiles.c.o] Error 1
make: *** [cmTryCompileExec3150910076/fast] Error 2

Source:
/* */
#include <pulse/pulseaudio.h>


int main(){return 0;}

